[debug] [2018-08-24T15:57:08.500Z] ----------------------------------------------------------------------
[debug] [2018-08-24T15:57:08.502Z] Command:       C:\Program Files\nodejs\node.exe C:\Users\Ervis\AppData\Roaming\npm\node_modules\firebase-tools\bin\firebase serve
[debug] [2018-08-24T15:57:08.502Z] CLI Version:   4.1.2
[debug] [2018-08-24T15:57:08.502Z] Platform:      win32
[debug] [2018-08-24T15:57:08.502Z] Node Version:  v8.11.3
[debug] [2018-08-24T15:57:08.502Z] Time:          Fri Aug 24 2018 17:57:08 GMT+0200 (W. Europe Daylight Time)
[debug] [2018-08-24T15:57:08.502Z] ----------------------------------------------------------------------
[debug] 
[debug] [2018-08-24T15:57:08.508Z] > command requires scopes: ["email","openid","https://www.googleapis.com/auth/cloudplatformprojects.readonly","https://www.googleapis.com/auth/firebase","https://www.googleapis.com/auth/cloud-platform"]
[debug] [2018-08-24T15:57:08.508Z] > authorizing via signed-in user
[debug] [2018-08-24T15:57:08.508Z] >>> HTTP REQUEST GET https://admin.firebase.com/v1/projects/nghosting-3dd9c  
 
[debug] [2018-08-24T15:57:09.291Z] <<< HTTP RESPONSE 200
[debug] [2018-08-24T15:57:09.293Z] >>> HTTP REQUEST GET https://cloudresourcemanager.googleapis.com/v1/projects/nghosting-3dd9c  
 
[debug] [2018-08-24T15:57:10.258Z] <<< HTTP RESPONSE 200
[info] 
[info] === Serving from 'C:\FirebaseHosting\CloudFunctions\Module4'...
[info] 
[debug] [2018-08-24T15:57:10.261Z] >>> HTTP REQUEST GET https://mobilesdk-pa.googleapis.com/v1/projects/99652917409/clients/_:getWebAppConfig  
 
[debug] [2018-08-24T15:57:10.810Z] <<< HTTP RESPONSE 200
[info] i  hosting: Serving hosting files from: public
[info] +  hosting: Local server: http://localhost:5000

